{
  "0 debug pnpm:scope": {
    "selected": 2,
    "total": 4,
    "workspacePrefix": "/Users/linbudu/Desktop/OPEN_SOURCE/pnpm-vscode-helper"
  },
  "1 debug pnpm:lifecycle": {
    "depPath": "/Users/linbudu/Desktop/OPEN_SOURCE/pnpm-vscode-helper/packages/pnpm-vscode-helper",
    "optional": false,
    "script": "tsc --watch",
    "stage": "watch",
    "wd": "/Users/linbudu/Desktop/OPEN_SOURCE/pnpm-vscode-helper/packages/pnpm-vscode-helper"
  },
  "2 debug pnpm:lifecycle": {
    "depPath": "/Users/linbudu/Desktop/OPEN_SOURCE/pnpm-vscode-helper/packages/pnpm-vscode-helper",
    "line": "\u001bc上午11:57:17 - Starting compilation in watch mode...",
    "stage": "watch",
    "stdio": "stdout",
    "wd": "/Users/linbudu/Desktop/OPEN_SOURCE/pnpm-vscode-helper/packages/pnpm-vscode-helper"
  },
  "3 debug pnpm:lifecycle": {
    "depPath": "/Users/linbudu/Desktop/OPEN_SOURCE/pnpm-vscode-helper/packages/pnpm-vscode-helper",
    "line": "上午11:57:17 - Found 0 errors. Watching for file changes.",
    "stage": "watch",
    "stdio": "stdout",
    "wd": "/Users/linbudu/Desktop/OPEN_SOURCE/pnpm-vscode-helper/packages/pnpm-vscode-helper"
  },
  "4 debug pnpm:lifecycle": {
    "depPath": "/Users/linbudu/Desktop/OPEN_SOURCE/pnpm-vscode-helper/packages/pnpm-vscode-helper",
    "line": "\u001bc上午11:58:54 - File change detected. Starting incremental compilation...",
    "stage": "watch",
    "stdio": "stdout",
    "wd": "/Users/linbudu/Desktop/OPEN_SOURCE/pnpm-vscode-helper/packages/pnpm-vscode-helper"
  },
  "5 debug pnpm:lifecycle": {
    "depPath": "/Users/linbudu/Desktop/OPEN_SOURCE/pnpm-vscode-helper/packages/pnpm-vscode-helper",
    "line": "上午11:58:54 - Found 0 errors. Watching for file changes.",
    "stage": "watch",
    "stdio": "stdout",
    "wd": "/Users/linbudu/Desktop/OPEN_SOURCE/pnpm-vscode-helper/packages/pnpm-vscode-helper"
  },
  "6 debug pnpm:lifecycle": {
    "depPath": "/Users/linbudu/Desktop/OPEN_SOURCE/pnpm-vscode-helper/packages/pnpm-vscode-helper",
    "line": "\u001bc上午11:59:26 - File change detected. Starting incremental compilation...",
    "stage": "watch",
    "stdio": "stdout",
    "wd": "/Users/linbudu/Desktop/OPEN_SOURCE/pnpm-vscode-helper/packages/pnpm-vscode-helper"
  },
  "7 debug pnpm:lifecycle": {
    "depPath": "/Users/linbudu/Desktop/OPEN_SOURCE/pnpm-vscode-helper/packages/pnpm-vscode-helper",
    "line": "上午11:59:26 - Found 0 errors. Watching for file changes.",
    "stage": "watch",
    "stdio": "stdout",
    "wd": "/Users/linbudu/Desktop/OPEN_SOURCE/pnpm-vscode-helper/packages/pnpm-vscode-helper"
  },
  "8 debug pnpm:lifecycle": {
    "depPath": "/Users/linbudu/Desktop/OPEN_SOURCE/pnpm-vscode-helper/packages/pnpm-vscode-helper",
    "line": "\u001bc下午2:25:47 - File change detected. Starting incremental compilation...",
    "stage": "watch",
    "stdio": "stdout",
    "wd": "/Users/linbudu/Desktop/OPEN_SOURCE/pnpm-vscode-helper/packages/pnpm-vscode-helper"
  },
  "9 debug pnpm:lifecycle": {
    "depPath": "/Users/linbudu/Desktop/OPEN_SOURCE/pnpm-vscode-helper/packages/pnpm-vscode-helper",
    "line": "error TS5083: Cannot read file '/Users/linbudu/Desktop/OPEN_SOURCE/pnpm-vscode-helper/packages/pnpm-vscode-helper/tsconfig.json'.",
    "stage": "watch",
    "stdio": "stdout",
    "wd": "/Users/linbudu/Desktop/OPEN_SOURCE/pnpm-vscode-helper/packages/pnpm-vscode-helper"
  },
  "10 debug pnpm:lifecycle": {
    "depPath": "/Users/linbudu/Desktop/OPEN_SOURCE/pnpm-vscode-helper/packages/pnpm-vscode-helper",
    "exitCode": 1,
    "optional": false,
    "stage": "watch",
    "wd": "/Users/linbudu/Desktop/OPEN_SOURCE/pnpm-vscode-helper/packages/pnpm-vscode-helper"
  },
  "11 info pnpm": {
    "err": {
      "name": "Error",
      "message": "pnpm-vscode-helper@0.0.1 watch: `tsc --watch`\nExit status 1",
      "code": "ELIFECYCLE",
      "stack": "Error: pnpm-vscode-helper@0.0.1 watch: `tsc --watch`\nExit status 1\n    at EventEmitter.<anonymous> (/snapshot/dist/pnpm.cjs)\n    at EventEmitter.emit (events.js:376:20)\n    at ChildProcess.<anonymous> (/snapshot/dist/pnpm.cjs)\n    at ChildProcess.emit (events.js:376:20)\n    at maybeClose (internal/child_process.js:1055:16)\n    at Socket.<anonymous> (internal/child_process.js:441:11)\n    at Socket.emit (events.js:376:20)\n    at Pipe.<anonymous> (net.js:673:12)"
    }
  },
  "12 error pnpm": {
    "errno": 1,
    "code": "ERR_PNPM_RECURSIVE_RUN_FIRST_FAIL",
    "pkgid": "pnpm-vscode-helper@0.0.1",
    "stage": "watch",
    "script": "tsc --watch",
    "pkgname": "pnpm-vscode-helper",
    "prefix": "/Users/linbudu/Desktop/OPEN_SOURCE/pnpm-vscode-helper/packages/pnpm-vscode-helper",
    "err": {
      "name": "pnpm",
      "message": "pnpm-vscode-helper@0.0.1 watch: `tsc --watch`\nExit status 1",
      "code": "ERR_PNPM_RECURSIVE_RUN_FIRST_FAIL",
      "stack": "Error: pnpm-vscode-helper@0.0.1 watch: `tsc --watch`\nExit status 1\n    at EventEmitter.<anonymous> (/snapshot/dist/pnpm.cjs)\n    at EventEmitter.emit (events.js:376:20)\n    at ChildProcess.<anonymous> (/snapshot/dist/pnpm.cjs)\n    at ChildProcess.emit (events.js:376:20)\n    at maybeClose (internal/child_process.js:1055:16)\n    at Socket.<anonymous> (internal/child_process.js:441:11)\n    at Socket.emit (events.js:376:20)\n    at Pipe.<anonymous> (net.js:673:12)"
    }
  },
  "13 warn pnpm:global": " Local package.json exists, but node_modules missing, did you mean to install?"
}